<?xml version="1.0" encoding="UTF-8"?>
<testng-results ignored="0" total="1" passed="1" failed="0" skipped="0">
  <reporter-output>
  </reporter-output>
  <suite started-at="2024-02-22T11:52:44 IST" name="Default suite" finished-at="2024-02-22T11:53:42 IST" duration-ms="58721">
    <groups>
    </groups>
    <test started-at="2024-02-22T11:52:44 IST" name="Default test" finished-at="2024-02-22T11:53:42 IST" duration-ms="58721">
      <class name="testpkg.Amazon_test">
        <test-method is-config="true" signature="setup()[pri:0, instance:testpkg.Amazon_test@47af7f3d]" started-at="2024-02-22T11:52:44 IST" name="setup" finished-at="2024-02-22T11:52:49 IST" duration-ms="5115" status="PASS">
          <reporter-output>
          </reporter-output>
        </test-method> <!-- setup -->
        <test-method is-config="true" signature="urlload()[pri:0, instance:testpkg.Amazon_test@47af7f3d]" started-at="2024-02-22T11:52:49 IST" name="urlload" finished-at="2024-02-22T11:52:51 IST" duration-ms="2115" status="PASS">
          <reporter-output>
          </reporter-output>
        </test-method> <!-- urlload -->
        <test-method signature="test()[pri:0, instance:testpkg.Amazon_test@47af7f3d]" started-at="2024-02-22T11:52:51 IST" name="test" finished-at="2024-02-22T11:53:42 IST" duration-ms="51341" status="PASS">
          <reporter-output>
          </reporter-output>
        </test-method> <!-- test -->
      </class> <!-- testpkg.Amazon_test -->
    </test> <!-- Default test -->
  </suite> <!-- Default suite -->
</testng-results>
